<?xml version="1.0" encoding="utf-8"?>
<project>
  <publishers>
    <hudson.tasks.junit.JUnitResultArchiver>
      <testResults>nosetests.xml</testResults>
      <keepLongStdio>true</keepLongStdio>
      <healthScaleFactor>1.0</healthScaleFactor>
      <testDataPublishers/>
    </hudson.tasks.junit.JUnitResultArchiver>
  </publishers>
</project>
